[debug] > Exec(early(addDefaultCommands), None, None)
[debug] > Exec(addDefaultCommands, None, None)
[debug] > Exec(early(initialize), None, None)
[debug] > Exec(initialize, None, None)
[debug] > Exec(boot, None, None)
[debug] > Exec(writeSbtVersion, None, None)
[debug] > Exec(reload, None, None)
[debug] > Exec(sbtStashOnFailure, None, None)
[debug] > Exec(onFailure loadFailed, None, None)
[debug] > Exec(loadp, None, None)
[info] welcome to sbt 1.8.3 (Oracle Corporation Java 19.0.1)
[debug]       Load.loadUnit: plugins took 419.673994ms
[debug]       Load.loadUnit: defsScala took 0.626616ms
[debug] [Loading] Scanning directory /Users/silaharmantepe/.sbt/1.0/plugins
[debug] [Loading] Found non-root projects 
[debug] [Loading] Done in /Users/silaharmantepe/.sbt/1.0/plugins, returning: ()
[debug] deducing auto plugins based on known facts Set(Atom(sbt.plugins.CorePlugin)) and clauses Clauses(Clause(Atom(sbt.plugins.JvmPlugin),Set(Atom(sbt.plugins.IvyPlugin)))
[debug] Clause(Atom(sbt.ScriptedPlugin),Set(Atom(sbt.plugins.JvmPlugin)))
[debug] Clause(Atom(sbt.plugins.SbtPlugin),Set(Atom(sbt.ScriptedPlugin)))
[debug] Clause(Atom(sbt.plugins.SemanticdbPlugin),Set(Atom(sbt.plugins.JvmPlugin)))
[debug] Clause(Atom(sbt.plugins.JUnitXmlReportPlugin),Set(Atom(sbt.plugins.JvmPlugin)))
[debug] Clause(Atom(sbt.plugins.MiniDependencyTreePlugin),Set(Atom(sbt.plugins.JvmPlugin)))
[debug] Clause(Atom(sbt.plugins.CorePlugin),Set(Atom(sbt.plugins.IvyPlugin)))
[debug] Clause(Atom(sbt.plugins.IvyPlugin),Set(Atom(sbt.plugins.JvmPlugin)))
[debug] Clause(Atom(sbt.plugins.JvmPlugin),Set(Atom(sbt.plugins.SemanticdbPlugin)))
[debug] Clause(Atom(sbt.plugins.JvmPlugin),Set(Atom(sbt.plugins.JUnitXmlReportPlugin)))
[debug] Clause(Atom(sbt.plugins.CorePlugin),Set(Atom(sbt.plugins.Giter8TemplatePlugin)))
[debug] Clause(Atom(sbt.plugins.JvmPlugin),Set(Atom(sbt.plugins.MiniDependencyTreePlugin))))
[debug]   :: deduced result: Matched(sbt.plugins.CorePlugin,sbt.plugins.Giter8TemplatePlugin,sbt.plugins.IvyPlugin,sbt.plugins.JvmPlugin,sbt.plugins.MiniDependencyTreePlugin,sbt.plugins.JUnitXmlReportPlugin,sbt.plugins.SemanticdbPlugin)
[debug] Plugins.deducer#function took 112.6251 ms
[debug]           Load.resolveProject(global-plugins) took 229.092032ms
[debug]         Load.loadTransitive: finalizeProject(Project(id global-plugins, base: /Users/silaharmantepe/.sbt/1.0/plugins, plugins: List(<none>))) took 611.384032ms
[debug] [Loading] Done in /Users/silaharmantepe/.sbt/1.0/plugins, returning: (global-plugins)
[debug]       Load.loadUnit: loadedProjectsRaw took 797.537096ms
[debug]       Load.loadUnit: cleanEvalClasses took 8.400142ms
[debug]     Load.loadUnit(file:/Users/silaharmantepe/.sbt/1.0/plugins/, ...) took 1315.573371ms
[debug]   Load.apply: load took 2240.30215ms
[debug]   Load.apply: resolveProjects took 13.992706ms
[debug]   Load.apply: finalTransforms took 118.253211ms
[debug]   Load.apply: config.delegates took 14.535331ms
[debug]   Load.apply: Def.make(settings)... took 836.112972ms
[debug]   Load.apply: structureIndex took 239.312713ms
[debug]   Load.apply: mkStreams took 2.805967ms
[info] loading global plugins from /Users/silaharmantepe/.sbt/1.0/plugins
[debug] Running task... Cancel: Signal, check cycles: false, forcegc: true
[debug] Load.defaultLoad until apply took 8782.263057ms
[debug]           Load.loadUnit: plugins took 73.369805ms
[debug]           Load.loadUnit: defsScala took 0.010591ms
[debug] [Loading] Scanning directory /Users/silaharmantepe/Documents/GitHub/DataEngineering/Producer/project
[debug] [Loading] Found non-root projects 
[debug] [Loading] Done in /Users/silaharmantepe/Documents/GitHub/DataEngineering/Producer/project, returning: ()
[debug] deducing auto plugins based on known facts Set(Atom(sbt.plugins.CorePlugin)) and clauses Clauses(Clause(Atom(sbt.plugins.JvmPlugin),Set(Atom(sbt.plugins.IvyPlugin)))
[debug] Clause(Atom(sbt.ScriptedPlugin),Set(Atom(sbt.plugins.JvmPlugin)))
[debug] Clause(Atom(sbt.plugins.SbtPlugin),Set(Atom(sbt.ScriptedPlugin)))
[debug] Clause(Atom(sbt.plugins.SemanticdbPlugin),Set(Atom(sbt.plugins.JvmPlugin)))
[debug] Clause(Atom(sbt.plugins.JUnitXmlReportPlugin),Set(Atom(sbt.plugins.JvmPlugin)))
[debug] Clause(Atom(sbt.plugins.MiniDependencyTreePlugin),Set(Atom(sbt.plugins.JvmPlugin)))
[debug] Clause(Atom(sbt.plugins.CorePlugin),Set(Atom(sbt.plugins.IvyPlugin)))
[debug] Clause(Atom(sbt.plugins.IvyPlugin),Set(Atom(sbt.plugins.JvmPlugin)))
[debug] Clause(Atom(sbt.plugins.JvmPlugin),Set(Atom(sbt.plugins.SemanticdbPlugin)))
[debug] Clause(Atom(sbt.plugins.JvmPlugin),Set(Atom(sbt.plugins.JUnitXmlReportPlugin)))
[debug] Clause(Atom(sbt.plugins.CorePlugin),Set(Atom(sbt.plugins.Giter8TemplatePlugin)))
[debug] Clause(Atom(sbt.plugins.JvmPlugin),Set(Atom(sbt.plugins.MiniDependencyTreePlugin))))
[debug]   :: deduced result: Matched(sbt.plugins.CorePlugin,sbt.plugins.Giter8TemplatePlugin,sbt.plugins.IvyPlugin,sbt.plugins.JvmPlugin,sbt.plugins.MiniDependencyTreePlugin,sbt.plugins.JUnitXmlReportPlugin,sbt.plugins.SemanticdbPlugin)
[debug] Plugins.deducer#function took 5.608801 ms
[debug]               Load.resolveProject(producer-build) took 4.434598ms
[debug]             Load.loadTransitive: finalizeProject(Project(id producer-build, base: /Users/silaharmantepe/Documents/GitHub/DataEngineering/Producer/project, plugins: List(<none>))) took 11.016066ms
[debug] [Loading] Done in /Users/silaharmantepe/Documents/GitHub/DataEngineering/Producer/project, returning: (producer-build)
[debug]           Load.loadUnit: loadedProjectsRaw took 18.063672ms
[debug]           Load.loadUnit: cleanEvalClasses took 0.025707ms
[debug]         Load.loadUnit(file:/Users/silaharmantepe/Documents/GitHub/DataEngineering/Producer/project/, ...) took 92.992071ms
[debug]       Load.apply: load took 95.990982ms
[debug]       Load.apply: resolveProjects took 1.315653ms
[debug]       Load.apply: finalTransforms took 27.756694ms
[debug]       Load.apply: config.delegates took 0.767657ms
[debug]       Load.apply: Def.make(settings)... took 152.315516ms
[debug]       Load.apply: structureIndex took 52.260721ms
[debug]       Load.apply: mkStreams took 0.00227ms
[info] loading project definition from /Users/silaharmantepe/Documents/GitHub/DataEngineering/Producer/project
[debug] Running task... Cancel: Signal, check cycles: false, forcegc: true
[debug]     Load.loadUnit: plugins took 973.81454ms
[debug]     Load.loadUnit: defsScala took 0.004895ms
[debug] [Loading] Scanning directory /Users/silaharmantepe/Documents/GitHub/DataEngineering/Producer
[debug]       Load.loadUnit: mkEval took 9.589531ms
[debug] [Loading] Found root project root w/ remaining 
[debug] deducing auto plugins based on known facts Set(Atom(sbt.plugins.CorePlugin)) and clauses Clauses(Clause(Atom(sbt.plugins.JvmPlugin),Set(Atom(sbt.plugins.IvyPlugin)))
[debug] Clause(Atom(sbt.ScriptedPlugin),Set(Atom(sbt.plugins.JvmPlugin)))
[debug] Clause(Atom(sbt.plugins.SbtPlugin),Set(Atom(sbt.ScriptedPlugin)))
[debug] Clause(Atom(sbt.plugins.SemanticdbPlugin),Set(Atom(sbt.plugins.JvmPlugin)))
[debug] Clause(Atom(sbt.plugins.JUnitXmlReportPlugin),Set(Atom(sbt.plugins.JvmPlugin)))
[debug] Clause(Atom(sbt.plugins.MiniDependencyTreePlugin),Set(Atom(sbt.plugins.JvmPlugin)))
[debug] Clause(Atom(sbt.plugins.CorePlugin),Set(Atom(sbt.plugins.IvyPlugin)))
[debug] Clause(Atom(sbt.plugins.IvyPlugin),Set(Atom(sbt.plugins.JvmPlugin)))
[debug] Clause(Atom(sbt.plugins.JvmPlugin),Set(Atom(sbt.plugins.SemanticdbPlugin)))
[debug] Clause(Atom(sbt.plugins.JvmPlugin),Set(Atom(sbt.plugins.JUnitXmlReportPlugin)))
[debug] Clause(Atom(sbt.plugins.CorePlugin),Set(Atom(sbt.plugins.Giter8TemplatePlugin)))
[debug] Clause(Atom(sbt.plugins.JvmPlugin),Set(Atom(sbt.plugins.MiniDependencyTreePlugin))))
[debug]   :: deduced result: Matched(sbt.plugins.CorePlugin,sbt.plugins.Giter8TemplatePlugin,sbt.plugins.IvyPlugin,sbt.plugins.JvmPlugin,sbt.plugins.MiniDependencyTreePlugin,sbt.plugins.JUnitXmlReportPlugin,sbt.plugins.SemanticdbPlugin)
[debug] Plugins.deducer#function took 4.761335 ms
[info] loading settings for project root from build.sbt ...
[debug]         Load.resolveProject(root) took 3.104142ms
[debug]       Load.loadTransitive: finalizeProject(Project(id root, base: /Users/silaharmantepe/Documents/GitHub/DataEngineering/Producer, plugins: List(<none>))) took 9.918674ms
[debug] [Loading] Done in /Users/silaharmantepe/Documents/GitHub/DataEngineering/Producer, returning: (root)
[debug]     Load.loadUnit: loadedProjectsRaw took 5984.761383ms
[debug]     Load.loadUnit: cleanEvalClasses took 7.033634ms
[debug]   Load.loadUnit(file:/Users/silaharmantepe/Documents/GitHub/DataEngineering/Producer/, ...) took 6966.813577ms
[debug] Load.apply: load took 6969.268896ms
[debug] Load.apply: resolveProjects took 0.157098ms
[debug] Load.apply: finalTransforms took 57.621706ms
[debug] Load.apply: config.delegates took 0.51924ms
