[0m[[0m[0mdebug[0m] [0m[0m> Exec(run, None, None)[0m
[0m[[0m[0mdebug[0m] [0m[0mEvaluating tasks: Compile / run[0m
[0m[[0m[0mdebug[0m] [0m[0mRunning task... Cancel: Signal, check cycles: false, forcegc: true[0m
[0m[[0m[0minfo[0m] [0m[0mcompiling 1 Scala source to /Users/silaharmantepe/Desktop/test/target/scala-2.12/classes ...[0m
[0m[[0m[0minfo[0m] [0m[0mdone compiling[0m
[0m[[0m[31merror[0m] [0m[0mjava.nio.channels.OverlappingFileLockException[0m
[0m[[0m[31merror[0m] [0m[0m	at java.base/sun.nio.ch.FileLockTable.checkList(FileLockTable.java:229)[0m
[0m[[0m[31merror[0m] [0m[0m	at java.base/sun.nio.ch.FileLockTable.add(FileLockTable.java:123)[0m
[0m[[0m[31merror[0m] [0m[0m	at java.base/sun.nio.ch.FileChannelImpl.lock(FileChannelImpl.java:1470)[0m
[0m[[0m[31merror[0m] [0m[0m	at java.base/java.nio.channels.FileChannel.lock(FileChannel.java:1199)[0m
[0m[[0m[31merror[0m] [0m[0m	at org.jetbrains.plugins.scala.indices.protocol.sbt.Locking$.lock(Locking.scala:23)[0m
[0m[[0m[31merror[0m] [0m[0m	at org.jetbrains.plugins.scala.indices.protocol.sbt.Locking$FileLockingExt$.lock$extension(Locking.scala:51)[0m
[0m[[0m[31merror[0m] [0m[0m	at org.jetbrains.sbt.indices.SbtIntellijIndicesPlugin$.$anonfun$perConfig$2(SbtIntellijIndicesPlugin.scala:62)[0m
[0m[[0m[31merror[0m] [0m[0m	at scala.Function1.$anonfun$compose$1(Function1.scala:49)[0m
[0m[[0m[31merror[0m] [0m[0m	at sbt.internal.util.$tilde$greater.$anonfun$$u2219$1(TypeFunctions.scala:62)[0m
[0m[[0m[31merror[0m] [0m[0m	at sbt.std.Transform$$anon$4.work(Transform.scala:68)[0m
[0m[[0m[31merror[0m] [0m[0m	at sbt.Execute.$anonfun$submit$2(Execute.scala:282)[0m
[0m[[0m[31merror[0m] [0m[0m	at sbt.internal.util.ErrorHandling$.wideConvert(ErrorHandling.scala:23)[0m
[0m[[0m[31merror[0m] [0m[0m	at sbt.Execute.work(Execute.scala:291)[0m
[0m[[0m[31merror[0m] [0m[0m	at sbt.Execute.$anonfun$submit$1(Execute.scala:282)[0m
[0m[[0m[31merror[0m] [0m[0m	at sbt.ConcurrentRestrictions$$anon$4.$anonfun$submitValid$1(ConcurrentRestrictions.scala:265)[0m
[0m[[0m[31merror[0m] [0m[0m	at sbt.CompletionService$$anon$2.call(CompletionService.scala:64)[0m
[0m[[0m[31merror[0m] [0m[0m	at java.base/java.util.concurrent.FutureTask.run(FutureTask.java:317)[0m
[0m[[0m[31merror[0m] [0m[0m	at java.base/java.util.concurrent.Executors$RunnableAdapter.call(Executors.java:577)[0m
[0m[[0m[31merror[0m] [0m[0m	at java.base/java.util.concurrent.FutureTask.run(FutureTask.java:317)[0m
[0m[[0m[31merror[0m] [0m[0m	at java.base/java.util.concurrent.ThreadPoolExecutor.runWorker(ThreadPoolExecutor.java:1144)[0m
[0m[[0m[31merror[0m] [0m[0m	at java.base/java.util.concurrent.ThreadPoolExecutor$Worker.run(ThreadPoolExecutor.java:642)[0m
[0m[[0m[31merror[0m] [0m[0m	at java.base/java.lang.Thread.run(Thread.java:1589)[0m
[0m[[0m[31merror[0m] [0m[0m(Compile / [31mcompile[0m) java.nio.channels.OverlappingFileLockException[0m
[0m[[0m[31merror[0m] [0m[0mTotal time: 2 s, completed Apr 26, 2023, 10:17:41 PM[0m
[0m[[0m[0mdebug[0m] [0m[0m> Exec(idea-shell, None, None)[0m
